<?xml version="1.0" encoding="UTF-8"?>
<!-- Generated by org.testng.reporters.JUnitReportReporter -->
<testsuite hostname="DESKTOP-4I5RBV4" failures="0" tests="1" name="test.NaptolHomePageTest" time="9.874" errors="0" timestamp="2024-01-05T18:39:44 IST" skipped="0">
  <testcase classname="test.NaptolHomePageTest" name="VerifyUserIsAbleToSearchElementInSearchBox" time="9.874"/>
</testsuite> <!-- test.NaptolHomePageTest -->
